<?xml version="1.0" encoding="UTF-8"?>
<!-- Generated by org.testng.reporters.JUnitReportReporter -->
<testsuite skipped="0" hostname="madhu-PC" name="com.test.Ant" tests="1" failures="0" timestamp="02 Nov 2018 18:19:26 GMT" time="44.714" errors="0">
  <testcase name="Test1" time="44.714" classname="com.test.Ant"/>
</testsuite> <!-- com.test.Ant -->
