<?xml version="1.0" encoding="UTF-8"?>
<!-- Generated by org.testng.reporters.JUnitReportReporter -->
<testsuite skipped="0" hostname="madhu-PC" name="com.test.Ant" tests="1" failures="0" timestamp="02 Nov 2018 20:00:43 GMT" time="50.457" errors="0">
  <testcase name="Test1" time="50.457" classname="com.test.Ant"/>
</testsuite> <!-- com.test.Ant -->
